\BOOKMARK [0][-]{chapter.1}{\376\377\0001\000\040\000P\000r\000o\000j\000e\000c\000t\0004\0003\0005\000L}{}% 1
\BOOKMARK [0][-]{chapter.2}{\376\377\0002\000\040\000H\000i\000e\000r\000a\000r\000c\000h\000i\000c\000a\000l\000\040\000I\000n\000d\000e\000x}{}% 2
\BOOKMARK [1][-]{section.2.1}{\376\377\0002\000.\0001\000\040\000C\000l\000a\000s\000s\000\040\000H\000i\000e\000r\000a\000r\000c\000h\000y}{chapter.2}% 3
\BOOKMARK [0][-]{chapter.3}{\376\377\0003\000\040\000C\000l\000a\000s\000s\000\040\000I\000n\000d\000e\000x}{}% 4
\BOOKMARK [1][-]{section.3.1}{\376\377\0003\000.\0001\000\040\000C\000l\000a\000s\000s\000\040\000L\000i\000s\000t}{chapter.3}% 5
\BOOKMARK [0][-]{chapter.4}{\376\377\0004\000\040\000F\000i\000l\000e\000\040\000I\000n\000d\000e\000x}{}% 6
\BOOKMARK [1][-]{section.4.1}{\376\377\0004\000.\0001\000\040\000F\000i\000l\000e\000\040\000L\000i\000s\000t}{chapter.4}% 7
\BOOKMARK [0][-]{chapter.5}{\376\377\0005\000\040\000C\000l\000a\000s\000s\000\040\000D\000o\000c\000u\000m\000e\000n\000t\000a\000t\000i\000o\000n}{}% 8
\BOOKMARK [1][-]{section.5.1}{\376\377\0005\000.\0001\000\040\000B\000a\000t\000t\000l\000e\000s\000h\000i\000p\000\040\000C\000l\000a\000s\000s\000\040\000R\000e\000f\000e\000r\000e\000n\000c\000e}{chapter.5}% 9
\BOOKMARK [2][-]{subsection.5.1.1}{\376\377\0005\000.\0001\000.\0001\000\040\000C\000o\000n\000s\000t\000r\000u\000c\000t\000o\000r\000\040\000\046\000\040\000D\000e\000s\000t\000r\000u\000c\000t\000o\000r\000\040\000D\000o\000c\000u\000m\000e\000n\000t\000a\000t\000i\000o\000n}{section.5.1}% 10
\BOOKMARK [3][-]{subsubsection.5.1.1.1}{\376\377\0005\000.\0001\000.\0001\000.\0001\000\040\000B\000a\000t\000t\000l\000e\000s\000h\000i\000p\000\050\000\051}{subsection.5.1.1}% 11
\BOOKMARK [2][-]{subsection.5.1.2}{\376\377\0005\000.\0001\000.\0002\000\040\000M\000e\000m\000b\000e\000r\000\040\000F\000u\000n\000c\000t\000i\000o\000n\000\040\000D\000o\000c\000u\000m\000e\000n\000t\000a\000t\000i\000o\000n}{section.5.1}% 12
\BOOKMARK [3][-]{subsubsection.5.1.2.1}{\376\377\0005\000.\0001\000.\0002\000.\0001\000\040\000b\000a\000c\000k}{subsection.5.1.2}% 13
\BOOKMARK [3][-]{subsubsection.5.1.2.2}{\376\377\0005\000.\0001\000.\0002\000.\0002\000\040\000k\000e\000y\000P\000r\000e\000s\000s\000E\000v\000e\000n\000t\000\050\000\051}{subsection.5.1.2}% 14
\BOOKMARK [3][-]{subsubsection.5.1.2.3}{\376\377\0005\000.\0001\000.\0002\000.\0003\000\040\000s\000t\000a\000r\000t\000g\000a\000m\000e}{subsection.5.1.2}% 15
\BOOKMARK [2][-]{subsection.5.1.3}{\376\377\0005\000.\0001\000.\0003\000\040\000M\000e\000m\000b\000e\000r\000\040\000D\000a\000t\000a\000\040\000D\000o\000c\000u\000m\000e\000n\000t\000a\000t\000i\000o\000n}{section.5.1}% 16
\BOOKMARK [3][-]{subsubsection.5.1.3.1}{\376\377\0005\000.\0001\000.\0003\000.\0001\000\040\000g\000o\000b\000a\000c\000k}{subsection.5.1.3}% 17
\BOOKMARK [3][-]{subsubsection.5.1.3.2}{\376\377\0005\000.\0001\000.\0003\000.\0002\000\040\000g\000r\000i\000d\0001}{subsection.5.1.3}% 18
\BOOKMARK [3][-]{subsubsection.5.1.3.3}{\376\377\0005\000.\0001\000.\0003\000.\0003\000\040\000s\000t\000a\000r\000t}{subsection.5.1.3}% 19
\BOOKMARK [3][-]{subsubsection.5.1.3.4}{\376\377\0005\000.\0001\000.\0003\000.\0004\000\040\000u\000n\000a\000m\000e}{subsection.5.1.3}% 20
\BOOKMARK [1][-]{section.5.2}{\376\377\0005\000.\0002\000\040\000b\000a\000t\000t\000l\000e\000s\000h\000i\000p\000g\000a\000m\000e\000\040\000C\000l\000a\000s\000s\000\040\000R\000e\000f\000e\000r\000e\000n\000c\000e}{chapter.5}% 21
\BOOKMARK [2][-]{subsection.5.2.1}{\376\377\0005\000.\0002\000.\0001\000\040\000C\000o\000n\000s\000t\000r\000u\000c\000t\000o\000r\000\040\000\046\000\040\000D\000e\000s\000t\000r\000u\000c\000t\000o\000r\000\040\000D\000o\000c\000u\000m\000e\000n\000t\000a\000t\000i\000o\000n}{section.5.2}% 22
\BOOKMARK [3][-]{subsubsection.5.2.1.1}{\376\377\0005\000.\0002\000.\0001\000.\0001\000\040\000b\000a\000t\000t\000l\000e\000s\000h\000i\000p\000g\000a\000m\000e\000\050\000\051}{subsection.5.2.1}% 23
\BOOKMARK [2][-]{subsection.5.2.2}{\376\377\0005\000.\0002\000.\0002\000\040\000M\000e\000m\000b\000e\000r\000\040\000F\000u\000n\000c\000t\000i\000o\000n\000\040\000D\000o\000c\000u\000m\000e\000n\000t\000a\000t\000i\000o\000n}{section.5.2}% 24
\BOOKMARK [3][-]{subsubsection.5.2.2.1}{\376\377\0005\000.\0002\000.\0002\000.\0001\000\040\000e\000x\000i\000t}{subsection.5.2.2}% 25
\BOOKMARK [3][-]{subsubsection.5.2.2.2}{\376\377\0005\000.\0002\000.\0002\000.\0002\000\040\000s\000h\000o\000o\000t}{subsection.5.2.2}% 26
\BOOKMARK [3][-]{subsubsection.5.2.2.3}{\376\377\0005\000.\0002\000.\0002\000.\0003\000\040\000s\000h\000o\000o\000t\0001\0000}{subsection.5.2.2}% 27
\BOOKMARK [3][-]{subsubsection.5.2.2.4}{\376\377\0005\000.\0002\000.\0002\000.\0004\000\040\000s\000h\000o\000o\000t\0001\0001}{subsection.5.2.2}% 28
\BOOKMARK [3][-]{subsubsection.5.2.2.5}{\376\377\0005\000.\0002\000.\0002\000.\0005\000\040\000s\000h\000o\000o\000t\0001\0002}{subsection.5.2.2}% 29
\BOOKMARK [3][-]{subsubsection.5.2.2.6}{\376\377\0005\000.\0002\000.\0002\000.\0006\000\040\000s\000h\000o\000o\000t\0001\0003}{subsection.5.2.2}% 30
\BOOKMARK [3][-]{subsubsection.5.2.2.7}{\376\377\0005\000.\0002\000.\0002\000.\0007\000\040\000s\000h\000o\000o\000t\0001\0004}{subsection.5.2.2}% 31
\BOOKMARK [3][-]{subsubsection.5.2.2.8}{\376\377\0005\000.\0002\000.\0002\000.\0008\000\040\000s\000h\000o\000o\000t\0001\0005}{subsection.5.2.2}% 32
\BOOKMARK [3][-]{subsubsection.5.2.2.9}{\376\377\0005\000.\0002\000.\0002\000.\0009\000\040\000s\000h\000o\000o\000t\0001\0006}{subsection.5.2.2}% 33
\BOOKMARK [3][-]{subsubsection.5.2.2.10}{\376\377\0005\000.\0002\000.\0002\000.\0001\0000\000\040\000s\000h\000o\000o\000t\0002}{subsection.5.2.2}% 34
\BOOKMARK [3][-]{subsubsection.5.2.2.11}{\376\377\0005\000.\0002\000.\0002\000.\0001\0001\000\040\000s\000h\000o\000o\000t\0003}{subsection.5.2.2}% 35
\BOOKMARK [3][-]{subsubsection.5.2.2.12}{\376\377\0005\000.\0002\000.\0002\000.\0001\0002\000\040\000s\000h\000o\000o\000t\0004}{subsection.5.2.2}% 36
\BOOKMARK [3][-]{subsubsection.5.2.2.13}{\376\377\0005\000.\0002\000.\0002\000.\0001\0003\000\040\000s\000h\000o\000o\000t\0005}{subsection.5.2.2}% 37
\BOOKMARK [3][-]{subsubsection.5.2.2.14}{\376\377\0005\000.\0002\000.\0002\000.\0001\0004\000\040\000s\000h\000o\000o\000t\0006}{subsection.5.2.2}% 38
\BOOKMARK [3][-]{subsubsection.5.2.2.15}{\376\377\0005\000.\0002\000.\0002\000.\0001\0005\000\040\000s\000h\000o\000o\000t\0007}{subsection.5.2.2}% 39
\BOOKMARK [3][-]{subsubsection.5.2.2.16}{\376\377\0005\000.\0002\000.\0002\000.\0001\0006\000\040\000s\000h\000o\000o\000t\0008}{subsection.5.2.2}% 40
\BOOKMARK [3][-]{subsubsection.5.2.2.17}{\376\377\0005\000.\0002\000.\0002\000.\0001\0007\000\040\000s\000h\000o\000o\000t\0009}{subsection.5.2.2}% 41
\BOOKMARK [3][-]{subsubsection.5.2.2.18}{\376\377\0005\000.\0002\000.\0002\000.\0001\0008\000\040\000t\000e\000s\000t}{subsection.5.2.2}% 42
\BOOKMARK [3][-]{subsubsection.5.2.2.19}{\376\377\0005\000.\0002\000.\0002\000.\0001\0009\000\040\000t\000e\000s\000t\0001\0000}{subsection.5.2.2}% 43
\BOOKMARK [3][-]{subsubsection.5.2.2.20}{\376\377\0005\000.\0002\000.\0002\000.\0002\0000\000\040\000t\000e\000s\000t\0001\0001}{subsection.5.2.2}% 44
\BOOKMARK [3][-]{subsubsection.5.2.2.21}{\376\377\0005\000.\0002\000.\0002\000.\0002\0001\000\040\000t\000e\000s\000t\0001\0002}{subsection.5.2.2}% 45
\BOOKMARK [3][-]{subsubsection.5.2.2.22}{\376\377\0005\000.\0002\000.\0002\000.\0002\0002\000\040\000t\000e\000s\000t\0001\0003}{subsection.5.2.2}% 46
\BOOKMARK [3][-]{subsubsection.5.2.2.23}{\376\377\0005\000.\0002\000.\0002\000.\0002\0003\000\040\000t\000e\000s\000t\0001\0004}{subsection.5.2.2}% 47
\BOOKMARK [3][-]{subsubsection.5.2.2.24}{\376\377\0005\000.\0002\000.\0002\000.\0002\0004\000\040\000t\000e\000s\000t\0001\0005}{subsection.5.2.2}% 48
\BOOKMARK [3][-]{subsubsection.5.2.2.25}{\376\377\0005\000.\0002\000.\0002\000.\0002\0005\000\040\000t\000e\000s\000t\0001\0006}{subsection.5.2.2}% 49
\BOOKMARK [3][-]{subsubsection.5.2.2.26}{\376\377\0005\000.\0002\000.\0002\000.\0002\0006\000\040\000t\000e\000s\000t\0002}{subsection.5.2.2}% 50
\BOOKMARK [3][-]{subsubsection.5.2.2.27}{\376\377\0005\000.\0002\000.\0002\000.\0002\0007\000\040\000t\000e\000s\000t\0003}{subsection.5.2.2}% 51
\BOOKMARK [3][-]{subsubsection.5.2.2.28}{\376\377\0005\000.\0002\000.\0002\000.\0002\0008\000\040\000t\000e\000s\000t\0004}{subsection.5.2.2}% 52
\BOOKMARK [3][-]{subsubsection.5.2.2.29}{\376\377\0005\000.\0002\000.\0002\000.\0002\0009\000\040\000t\000e\000s\000t\0005}{subsection.5.2.2}% 53
\BOOKMARK [3][-]{subsubsection.5.2.2.30}{\376\377\0005\000.\0002\000.\0002\000.\0003\0000\000\040\000t\000e\000s\000t\0006}{subsection.5.2.2}% 54
\BOOKMARK [3][-]{subsubsection.5.2.2.31}{\376\377\0005\000.\0002\000.\0002\000.\0003\0001\000\040\000t\000e\000s\000t\0007}{subsection.5.2.2}% 55
\BOOKMARK [3][-]{subsubsection.5.2.2.32}{\376\377\0005\000.\0002\000.\0002\000.\0003\0002\000\040\000t\000e\000s\000t\0008}{subsection.5.2.2}% 56
\BOOKMARK [3][-]{subsubsection.5.2.2.33}{\376\377\0005\000.\0002\000.\0002\000.\0003\0003\000\040\000t\000e\000s\000t\0009}{subsection.5.2.2}% 57
\BOOKMARK [2][-]{subsection.5.2.3}{\376\377\0005\000.\0002\000.\0003\000\040\000M\000e\000m\000b\000e\000r\000\040\000D\000a\000t\000a\000\040\000D\000o\000c\000u\000m\000e\000n\000t\000a\000t\000i\000o\000n}{section.5.2}% 58
\BOOKMARK [3][-]{subsubsection.5.2.3.1}{\376\377\0005\000.\0002\000.\0003\000.\0001\000\040\000A\000t\000t\000e\000m\000p\000t\000s}{subsection.5.2.3}% 59
\BOOKMARK [3][-]{subsubsection.5.2.3.2}{\376\377\0005\000.\0002\000.\0003\000.\0002\000\040\000b\000o\000x}{subsection.5.2.3}% 60
\BOOKMARK [3][-]{subsubsection.5.2.3.3}{\376\377\0005\000.\0002\000.\0003\000.\0003\000\040\000b\000t\000n}{subsection.5.2.3}% 61
\BOOKMARK [3][-]{subsubsection.5.2.3.4}{\376\377\0005\000.\0002\000.\0003\000.\0004\000\040\000b\000t\000n\0001}{subsection.5.2.3}% 62
\BOOKMARK [3][-]{subsubsection.5.2.3.5}{\376\377\0005\000.\0002\000.\0003\000.\0005\000\040\000b\000t\000n\0001\0000}{subsection.5.2.3}% 63
\BOOKMARK [3][-]{subsubsection.5.2.3.6}{\376\377\0005\000.\0002\000.\0003\000.\0006\000\040\000b\000t\000n\0001\0001}{subsection.5.2.3}% 64
\BOOKMARK [3][-]{subsubsection.5.2.3.7}{\376\377\0005\000.\0002\000.\0003\000.\0007\000\040\000b\000t\000n\0001\0002}{subsection.5.2.3}% 65
\BOOKMARK [3][-]{subsubsection.5.2.3.8}{\376\377\0005\000.\0002\000.\0003\000.\0008\000\040\000b\000t\000n\0001\0003}{subsection.5.2.3}% 66
\BOOKMARK [3][-]{subsubsection.5.2.3.9}{\376\377\0005\000.\0002\000.\0003\000.\0009\000\040\000b\000t\000n\0001\0004}{subsection.5.2.3}% 67
\BOOKMARK [3][-]{subsubsection.5.2.3.10}{\376\377\0005\000.\0002\000.\0003\000.\0001\0000\000\040\000b\000t\000n\0001\0005}{subsection.5.2.3}% 68
\BOOKMARK [3][-]{subsubsection.5.2.3.11}{\376\377\0005\000.\0002\000.\0003\000.\0001\0001\000\040\000b\000t\000n\0002}{subsection.5.2.3}% 69
\BOOKMARK [3][-]{subsubsection.5.2.3.12}{\376\377\0005\000.\0002\000.\0003\000.\0001\0002\000\040\000b\000t\000n\0003}{subsection.5.2.3}% 70
\BOOKMARK [3][-]{subsubsection.5.2.3.13}{\376\377\0005\000.\0002\000.\0003\000.\0001\0003\000\040\000b\000t\000n\0004}{subsection.5.2.3}% 71
\BOOKMARK [3][-]{subsubsection.5.2.3.14}{\376\377\0005\000.\0002\000.\0003\000.\0001\0004\000\040\000b\000t\000n\0005}{subsection.5.2.3}% 72
\BOOKMARK [3][-]{subsubsection.5.2.3.15}{\376\377\0005\000.\0002\000.\0003\000.\0001\0005\000\040\000b\000t\000n\0006}{subsection.5.2.3}% 73
\BOOKMARK [3][-]{subsubsection.5.2.3.16}{\376\377\0005\000.\0002\000.\0003\000.\0001\0006\000\040\000b\000t\000n\0007}{subsection.5.2.3}% 74
\BOOKMARK [3][-]{subsubsection.5.2.3.17}{\376\377\0005\000.\0002\000.\0003\000.\0001\0007\000\040\000b\000t\000n\0008}{subsection.5.2.3}% 75
\BOOKMARK [3][-]{subsubsection.5.2.3.18}{\376\377\0005\000.\0002\000.\0003\000.\0001\0008\000\040\000b\000t\000n\0009}{subsection.5.2.3}% 76
\BOOKMARK [3][-]{subsubsection.5.2.3.19}{\376\377\0005\000.\0002\000.\0003\000.\0001\0009\000\040\000g\000o\000b\000a\000c\000k}{subsection.5.2.3}% 77
\BOOKMARK [3][-]{subsubsection.5.2.3.20}{\376\377\0005\000.\0002\000.\0003\000.\0002\0000\000\040\000g\000r}{subsection.5.2.3}% 78
\BOOKMARK [3][-]{subsubsection.5.2.3.21}{\376\377\0005\000.\0002\000.\0003\000.\0002\0001\000\040\000n\000b\000t\000n}{subsection.5.2.3}% 79
\BOOKMARK [3][-]{subsubsection.5.2.3.22}{\376\377\0005\000.\0002\000.\0003\000.\0002\0002\000\040\000n\000b\000t\000n\0001}{subsection.5.2.3}% 80
\BOOKMARK [3][-]{subsubsection.5.2.3.23}{\376\377\0005\000.\0002\000.\0003\000.\0002\0003\000\040\000n\000b\000t\000n\0001\0000}{subsection.5.2.3}% 81
\BOOKMARK [3][-]{subsubsection.5.2.3.24}{\376\377\0005\000.\0002\000.\0003\000.\0002\0004\000\040\000n\000b\000t\000n\0001\0001}{subsection.5.2.3}% 82
\BOOKMARK [3][-]{subsubsection.5.2.3.25}{\376\377\0005\000.\0002\000.\0003\000.\0002\0005\000\040\000n\000b\000t\000n\0001\0002}{subsection.5.2.3}% 83
\BOOKMARK [3][-]{subsubsection.5.2.3.26}{\376\377\0005\000.\0002\000.\0003\000.\0002\0006\000\040\000n\000b\000t\000n\0001\0003}{subsection.5.2.3}% 84
\BOOKMARK [3][-]{subsubsection.5.2.3.27}{\376\377\0005\000.\0002\000.\0003\000.\0002\0007\000\040\000n\000b\000t\000n\0001\0004}{subsection.5.2.3}% 85
\BOOKMARK [3][-]{subsubsection.5.2.3.28}{\376\377\0005\000.\0002\000.\0003\000.\0002\0008\000\040\000n\000b\000t\000n\0001\0005}{subsection.5.2.3}% 86
\BOOKMARK [3][-]{subsubsection.5.2.3.29}{\376\377\0005\000.\0002\000.\0003\000.\0002\0009\000\040\000n\000b\000t\000n\0002}{subsection.5.2.3}% 87
\BOOKMARK [3][-]{subsubsection.5.2.3.30}{\376\377\0005\000.\0002\000.\0003\000.\0003\0000\000\040\000n\000b\000t\000n\0003}{subsection.5.2.3}% 88
\BOOKMARK [3][-]{subsubsection.5.2.3.31}{\376\377\0005\000.\0002\000.\0003\000.\0003\0001\000\040\000n\000b\000t\000n\0004}{subsection.5.2.3}% 89
\BOOKMARK [3][-]{subsubsection.5.2.3.32}{\376\377\0005\000.\0002\000.\0003\000.\0003\0002\000\040\000n\000b\000t\000n\0005}{subsection.5.2.3}% 90
\BOOKMARK [3][-]{subsubsection.5.2.3.33}{\376\377\0005\000.\0002\000.\0003\000.\0003\0003\000\040\000n\000b\000t\000n\0006}{subsection.5.2.3}% 91
\BOOKMARK [3][-]{subsubsection.5.2.3.34}{\376\377\0005\000.\0002\000.\0003\000.\0003\0004\000\040\000n\000b\000t\000n\0007}{subsection.5.2.3}% 92
\BOOKMARK [3][-]{subsubsection.5.2.3.35}{\376\377\0005\000.\0002\000.\0003\000.\0003\0005\000\040\000n\000b\000t\000n\0008}{subsection.5.2.3}% 93
\BOOKMARK [3][-]{subsubsection.5.2.3.36}{\376\377\0005\000.\0002\000.\0003\000.\0003\0006\000\040\000n\000b\000t\000n\0009}{subsection.5.2.3}% 94
\BOOKMARK [3][-]{subsubsection.5.2.3.37}{\376\377\0005\000.\0002\000.\0003\000.\0003\0007\000\040\000q}{subsection.5.2.3}% 95
\BOOKMARK [3][-]{subsubsection.5.2.3.38}{\376\377\0005\000.\0002\000.\0003\000.\0003\0008\000\040\000t\000a\000b\000l\000e}{subsection.5.2.3}% 96
\BOOKMARK [3][-]{subsubsection.5.2.3.39}{\376\377\0005\000.\0002\000.\0003\000.\0003\0009\000\040\000u\000n\000a\000m\000e}{subsection.5.2.3}% 97
\BOOKMARK [1][-]{section.5.3}{\376\377\0005\000.\0003\000\040\000b\000l\000u\000e\000d\000i\000s\000k\000\040\000C\000l\000a\000s\000s\000\040\000R\000e\000f\000e\000r\000e\000n\000c\000e}{chapter.5}% 98
\BOOKMARK [2][-]{subsection.5.3.1}{\376\377\0005\000.\0003\000.\0001\000\040\000C\000o\000n\000s\000t\000r\000u\000c\000t\000o\000r\000\040\000\046\000\040\000D\000e\000s\000t\000r\000u\000c\000t\000o\000r\000\040\000D\000o\000c\000u\000m\000e\000n\000t\000a\000t\000i\000o\000n}{section.5.3}% 99
\BOOKMARK [3][-]{subsubsection.5.3.1.1}{\376\377\0005\000.\0003\000.\0001\000.\0001\000\040\000b\000l\000u\000e\000d\000i\000s\000k\000\050\000\051}{subsection.5.3.1}% 100
\BOOKMARK [2][-]{subsection.5.3.2}{\376\377\0005\000.\0003\000.\0002\000\040\000M\000e\000m\000b\000e\000r\000\040\000F\000u\000n\000c\000t\000i\000o\000n\000\040\000D\000o\000c\000u\000m\000e\000n\000t\000a\000t\000i\000o\000n}{section.5.3}% 101
\BOOKMARK [3][-]{subsubsection.5.3.2.1}{\376\377\0005\000.\0003\000.\0002\000.\0001\000\040\000k\000e\000y\000P\000r\000e\000s\000s\000E\000v\000e\000n\000t\000\050\000\051}{subsection.5.3.2}% 102
\BOOKMARK [1][-]{section.5.4}{\376\377\0005\000.\0004\000\040\000d\000i\000s\000k\000\040\000C\000l\000a\000s\000s\000\040\000R\000e\000f\000e\000r\000e\000n\000c\000e}{chapter.5}% 103
\BOOKMARK [2][-]{subsection.5.4.1}{\376\377\0005\000.\0004\000.\0001\000\040\000C\000o\000n\000s\000t\000r\000u\000c\000t\000o\000r\000\040\000\046\000\040\000D\000e\000s\000t\000r\000u\000c\000t\000o\000r\000\040\000D\000o\000c\000u\000m\000e\000n\000t\000a\000t\000i\000o\000n}{section.5.4}% 104
\BOOKMARK [3][-]{subsubsection.5.4.1.1}{\376\377\0005\000.\0004\000.\0001\000.\0001\000\040\000d\000i\000s\000k\000\050\000\051}{subsection.5.4.1}% 105
\BOOKMARK [2][-]{subsection.5.4.2}{\376\377\0005\000.\0004\000.\0002\000\040\000M\000e\000m\000b\000e\000r\000\040\000F\000u\000n\000c\000t\000i\000o\000n\000\040\000D\000o\000c\000u\000m\000e\000n\000t\000a\000t\000i\000o\000n}{section.5.4}% 106
\BOOKMARK [3][-]{subsubsection.5.4.2.1}{\376\377\0005\000.\0004\000.\0002\000.\0001\000\040\000b\000a\000c\000k}{subsection.5.4.2}% 107
\BOOKMARK [3][-]{subsubsection.5.4.2.2}{\376\377\0005\000.\0004\000.\0002\000.\0002\000\040\000k\000e\000y\000P\000r\000e\000s\000s\000E\000v\000e\000n\000t\000\050\000\051}{subsection.5.4.2}% 108
\BOOKMARK [3][-]{subsubsection.5.4.2.3}{\376\377\0005\000.\0004\000.\0002\000.\0003\000\040\000s\000t\000a\000r\000t\000g\000a\000m\000e}{subsection.5.4.2}% 109
\BOOKMARK [2][-]{subsection.5.4.3}{\376\377\0005\000.\0004\000.\0003\000\040\000M\000e\000m\000b\000e\000r\000\040\000D\000a\000t\000a\000\040\000D\000o\000c\000u\000m\000e\000n\000t\000a\000t\000i\000o\000n}{section.5.4}% 110
\BOOKMARK [3][-]{subsubsection.5.4.3.1}{\376\377\0005\000.\0004\000.\0003\000.\0001\000\040\000g\000o\000b\000a\000c\000k}{subsection.5.4.3}% 111
\BOOKMARK [3][-]{subsubsection.5.4.3.2}{\376\377\0005\000.\0004\000.\0003\000.\0002\000\040\000g\000r\000i\000d\0001}{subsection.5.4.3}% 112
\BOOKMARK [3][-]{subsubsection.5.4.3.3}{\376\377\0005\000.\0004\000.\0003\000.\0003\000\040\000s\000t\000a\000r\000t}{subsection.5.4.3}% 113
\BOOKMARK [3][-]{subsubsection.5.4.3.4}{\376\377\0005\000.\0004\000.\0003\000.\0004\000\040\000u\000n\000a\000m\000e}{subsection.5.4.3}% 114
\BOOKMARK [1][-]{section.5.5}{\376\377\0005\000.\0005\000\040\000d\000i\000s\000k\000g\000a\000m\000e\000\040\000C\000l\000a\000s\000s\000\040\000R\000e\000f\000e\000r\000e\000n\000c\000e}{chapter.5}% 115
\BOOKMARK [2][-]{subsection.5.5.1}{\376\377\0005\000.\0005\000.\0001\000\040\000C\000o\000n\000s\000t\000r\000u\000c\000t\000o\000r\000\040\000\046\000\040\000D\000e\000s\000t\000r\000u\000c\000t\000o\000r\000\040\000D\000o\000c\000u\000m\000e\000n\000t\000a\000t\000i\000o\000n}{section.5.5}% 116
\BOOKMARK [3][-]{subsubsection.5.5.1.1}{\376\377\0005\000.\0005\000.\0001\000.\0001\000\040\000d\000i\000s\000k\000g\000a\000m\000e\000\050\000\051}{subsection.5.5.1}% 117
\BOOKMARK [2][-]{subsection.5.5.2}{\376\377\0005\000.\0005\000.\0002\000\040\000M\000e\000m\000b\000e\000r\000\040\000D\000a\000t\000a\000\040\000D\000o\000c\000u\000m\000e\000n\000t\000a\000t\000i\000o\000n}{section.5.5}% 118
\BOOKMARK [3][-]{subsubsection.5.5.2.1}{\376\377\0005\000.\0005\000.\0002\000.\0001\000\040\000u\000n\000a\000m\000e}{subsection.5.5.2}% 119
\BOOKMARK [1][-]{section.5.6}{\376\377\0005\000.\0006\000\040\000d\000i\000s\000k\000s\000\040\000C\000l\000a\000s\000s\000\040\000R\000e\000f\000e\000r\000e\000n\000c\000e}{chapter.5}% 120
\BOOKMARK [2][-]{subsection.5.6.1}{\376\377\0005\000.\0006\000.\0001\000\040\000C\000o\000n\000s\000t\000r\000u\000c\000t\000o\000r\000\040\000\046\000\040\000D\000e\000s\000t\000r\000u\000c\000t\000o\000r\000\040\000D\000o\000c\000u\000m\000e\000n\000t\000a\000t\000i\000o\000n}{section.5.6}% 121
\BOOKMARK [3][-]{subsubsection.5.6.1.1}{\376\377\0005\000.\0006\000.\0001\000.\0001\000\040\000d\000i\000s\000k\000s\000\050\000\051}{subsection.5.6.1}% 122
\BOOKMARK [2][-]{subsection.5.6.2}{\376\377\0005\000.\0006\000.\0002\000\040\000M\000e\000m\000b\000e\000r\000\040\000F\000u\000n\000c\000t\000i\000o\000n\000\040\000D\000o\000c\000u\000m\000e\000n\000t\000a\000t\000i\000o\000n}{section.5.6}% 123
\BOOKMARK [3][-]{subsubsection.5.6.2.1}{\376\377\0005\000.\0006\000.\0002\000.\0001\000\040\000m\000o\000v\000e}{subsection.5.6.2}% 124
\BOOKMARK [2][-]{subsection.5.6.3}{\376\377\0005\000.\0006\000.\0003\000\040\000M\000e\000m\000b\000e\000r\000\040\000D\000a\000t\000a\000\040\000D\000o\000c\000u\000m\000e\000n\000t\000a\000t\000i\000o\000n}{section.5.6}% 125
\BOOKMARK [3][-]{subsubsection.5.6.3.1}{\376\377\0005\000.\0006\000.\0003\000.\0001\000\040\000u\000n\000a\000m\000e}{subsection.5.6.3}% 126
\BOOKMARK [1][-]{section.5.7}{\376\377\0005\000.\0007\000\040\000g\000r\000e\000e\000n\000d\000i\000s\000k\000\040\000C\000l\000a\000s\000s\000\040\000R\000e\000f\000e\000r\000e\000n\000c\000e}{chapter.5}% 127
\BOOKMARK [2][-]{subsection.5.7.1}{\376\377\0005\000.\0007\000.\0001\000\040\000C\000o\000n\000s\000t\000r\000u\000c\000t\000o\000r\000\040\000\046\000\040\000D\000e\000s\000t\000r\000u\000c\000t\000o\000r\000\040\000D\000o\000c\000u\000m\000e\000n\000t\000a\000t\000i\000o\000n}{section.5.7}% 128
\BOOKMARK [3][-]{subsubsection.5.7.1.1}{\376\377\0005\000.\0007\000.\0001\000.\0001\000\040\000g\000r\000e\000e\000n\000d\000i\000s\000k\000\050\000\051}{subsection.5.7.1}% 129
\BOOKMARK [2][-]{subsection.5.7.2}{\376\377\0005\000.\0007\000.\0002\000\040\000M\000e\000m\000b\000e\000r\000\040\000F\000u\000n\000c\000t\000i\000o\000n\000\040\000D\000o\000c\000u\000m\000e\000n\000t\000a\000t\000i\000o\000n}{section.5.7}% 130
\BOOKMARK [3][-]{subsubsection.5.7.2.1}{\376\377\0005\000.\0007\000.\0002\000.\0001\000\040\000k\000e\000y\000P\000r\000e\000s\000s\000E\000v\000e\000n\000t\000\050\000\051}{subsection.5.7.2}% 131
\BOOKMARK [1][-]{section.5.8}{\376\377\0005\000.\0008\000\040\000h\000i\000s\000t\000o\000r\000y\000\040\000C\000l\000a\000s\000s\000\040\000R\000e\000f\000e\000r\000e\000n\000c\000e}{chapter.5}% 132
\BOOKMARK [2][-]{subsection.5.8.1}{\376\377\0005\000.\0008\000.\0001\000\040\000C\000o\000n\000s\000t\000r\000u\000c\000t\000o\000r\000\040\000\046\000\040\000D\000e\000s\000t\000r\000u\000c\000t\000o\000r\000\040\000D\000o\000c\000u\000m\000e\000n\000t\000a\000t\000i\000o\000n}{section.5.8}% 133
\BOOKMARK [3][-]{subsubsection.5.8.1.1}{\376\377\0005\000.\0008\000.\0001\000.\0001\000\040\000h\000i\000s\000t\000o\000r\000y\000\050\000\051}{subsection.5.8.1}% 134
\BOOKMARK [2][-]{subsection.5.8.2}{\376\377\0005\000.\0008\000.\0002\000\040\000M\000e\000m\000b\000e\000r\000\040\000F\000u\000n\000c\000t\000i\000o\000n\000\040\000D\000o\000c\000u\000m\000e\000n\000t\000a\000t\000i\000o\000n}{section.5.8}% 135
\BOOKMARK [3][-]{subsubsection.5.8.2.1}{\376\377\0005\000.\0008\000.\0002\000.\0001\000\040\000g\000o\000b\000a\000c\000k}{subsection.5.8.2}% 136
\BOOKMARK [2][-]{subsection.5.8.3}{\376\377\0005\000.\0008\000.\0003\000\040\000M\000e\000m\000b\000e\000r\000\040\000D\000a\000t\000a\000\040\000D\000o\000c\000u\000m\000e\000n\000t\000a\000t\000i\000o\000n}{section.5.8}% 137
\BOOKMARK [3][-]{subsubsection.5.8.3.1}{\376\377\0005\000.\0008\000.\0003\000.\0001\000\040\000b\000a\000c\000k}{subsection.5.8.3}% 138
\BOOKMARK [3][-]{subsubsection.5.8.3.2}{\376\377\0005\000.\0008\000.\0003\000.\0002\000\040\000g\000r\000i\000d}{subsection.5.8.3}% 139
\BOOKMARK [3][-]{subsubsection.5.8.3.3}{\376\377\0005\000.\0008\000.\0003\000.\0003\000\040\000h\000i\000s\000t}{subsection.5.8.3}% 140
\BOOKMARK [3][-]{subsubsection.5.8.3.4}{\376\377\0005\000.\0008\000.\0003\000.\0004\000\040\000u\000n\000a\000m\000e}{subsection.5.8.3}% 141
\BOOKMARK [1][-]{section.5.9}{\376\377\0005\000.\0009\000\040\000h\000i\000s\000t\000o\000r\000y\0002\000\040\000C\000l\000a\000s\000s\000\040\000R\000e\000f\000e\000r\000e\000n\000c\000e}{chapter.5}% 142
\BOOKMARK [2][-]{subsection.5.9.1}{\376\377\0005\000.\0009\000.\0001\000\040\000C\000o\000n\000s\000t\000r\000u\000c\000t\000o\000r\000\040\000\046\000\040\000D\000e\000s\000t\000r\000u\000c\000t\000o\000r\000\040\000D\000o\000c\000u\000m\000e\000n\000t\000a\000t\000i\000o\000n}{section.5.9}% 143
\BOOKMARK [3][-]{subsubsection.5.9.1.1}{\376\377\0005\000.\0009\000.\0001\000.\0001\000\040\000h\000i\000s\000t\000o\000r\000y\0002\000\050\000\051}{subsection.5.9.1}% 144
\BOOKMARK [2][-]{subsection.5.9.2}{\376\377\0005\000.\0009\000.\0002\000\040\000M\000e\000m\000b\000e\000r\000\040\000F\000u\000n\000c\000t\000i\000o\000n\000\040\000D\000o\000c\000u\000m\000e\000n\000t\000a\000t\000i\000o\000n}{section.5.9}% 145
\BOOKMARK [3][-]{subsubsection.5.9.2.1}{\376\377\0005\000.\0009\000.\0002\000.\0001\000\040\000g\000o\000b\000a\000c\000k}{subsection.5.9.2}% 146
\BOOKMARK [2][-]{subsection.5.9.3}{\376\377\0005\000.\0009\000.\0003\000\040\000M\000e\000m\000b\000e\000r\000\040\000D\000a\000t\000a\000\040\000D\000o\000c\000u\000m\000e\000n\000t\000a\000t\000i\000o\000n}{section.5.9}% 147
\BOOKMARK [3][-]{subsubsection.5.9.3.1}{\376\377\0005\000.\0009\000.\0003\000.\0001\000\040\000b\000a\000c\000k}{subsection.5.9.3}% 148
\BOOKMARK [3][-]{subsubsection.5.9.3.2}{\376\377\0005\000.\0009\000.\0003\000.\0002\000\040\000g\000r\000i\000d}{subsection.5.9.3}% 149
\BOOKMARK [3][-]{subsubsection.5.9.3.3}{\376\377\0005\000.\0009\000.\0003\000.\0003\000\040\000h\000i\000s\000t}{subsection.5.9.3}% 150
\BOOKMARK [3][-]{subsubsection.5.9.3.4}{\376\377\0005\000.\0009\000.\0003\000.\0004\000\040\000u\000n\000a\000m\000e}{subsection.5.9.3}% 151
\BOOKMARK [1][-]{section.5.10}{\376\377\0005\000.\0001\0000\000\040\000p\000r\000o\000f\000i\000l\000e\000\040\000C\000l\000a\000s\000s\000\040\000R\000e\000f\000e\000r\000e\000n\000c\000e}{chapter.5}% 152
\BOOKMARK [2][-]{subsection.5.10.1}{\376\377\0005\000.\0001\0000\000.\0001\000\040\000C\000o\000n\000s\000t\000r\000u\000c\000t\000o\000r\000\040\000\046\000\040\000D\000e\000s\000t\000r\000u\000c\000t\000o\000r\000\040\000D\000o\000c\000u\000m\000e\000n\000t\000a\000t\000i\000o\000n}{section.5.10}% 153
\BOOKMARK [3][-]{subsubsection.5.10.1.1}{\376\377\0005\000.\0001\0000\000.\0001\000.\0001\000\040\000p\000r\000o\000f\000i\000l\000e\000\050\000\051}{subsection.5.10.1}% 154
\BOOKMARK [2][-]{subsection.5.10.2}{\376\377\0005\000.\0001\0000\000.\0002\000\040\000M\000e\000m\000b\000e\000r\000\040\000F\000u\000n\000c\000t\000i\000o\000n\000\040\000D\000o\000c\000u\000m\000e\000n\000t\000a\000t\000i\000o\000n}{section.5.10}% 155
\BOOKMARK [3][-]{subsubsection.5.10.2.1}{\376\377\0005\000.\0001\0000\000.\0002\000.\0001\000\040\000g\000o\000b\000a\000c\000k}{subsection.5.10.2}% 156
\BOOKMARK [3][-]{subsubsection.5.10.2.2}{\376\377\0005\000.\0001\0000\000.\0002\000.\0002\000\040\000g\000o\000h\000i\000s\000t\000o\000r\000y}{subsection.5.10.2}% 157
\BOOKMARK [3][-]{subsubsection.5.10.2.3}{\376\377\0005\000.\0001\0000\000.\0002\000.\0003\000\040\000g\000o\000h\000i\000s\000t\000o\000r\000y\0002}{subsection.5.10.2}% 158
\BOOKMARK [3][-]{subsubsection.5.10.2.4}{\376\377\0005\000.\0001\0000\000.\0002\000.\0004\000\040\000p\000l\000a\000y\000g\000a\000m\000e\0001}{subsection.5.10.2}% 159
\BOOKMARK [3][-]{subsubsection.5.10.2.5}{\376\377\0005\000.\0001\0000\000.\0002\000.\0005\000\040\000p\000l\000a\000y\000g\000a\000m\000e\0002}{subsection.5.10.2}% 160
\BOOKMARK [2][-]{subsection.5.10.3}{\376\377\0005\000.\0001\0000\000.\0003\000\040\000M\000e\000m\000b\000e\000r\000\040\000D\000a\000t\000a\000\040\000D\000o\000c\000u\000m\000e\000n\000t\000a\000t\000i\000o\000n}{section.5.10}% 161
\BOOKMARK [3][-]{subsubsection.5.10.3.1}{\376\377\0005\000.\0001\0000\000.\0003\000.\0001\000\040\000b\000a\000c\000k}{subsection.5.10.3}% 162
\BOOKMARK [3][-]{subsubsection.5.10.3.2}{\376\377\0005\000.\0001\0000\000.\0003\000.\0002\000\040\000b\000o\000x}{subsection.5.10.3}% 163
\BOOKMARK [3][-]{subsubsection.5.10.3.3}{\376\377\0005\000.\0001\0000\000.\0003\000.\0003\000\040\000c\000o\000u\000n\000t\000r\000y\000n\000a\000m\000e}{subsection.5.10.3}% 164
\BOOKMARK [3][-]{subsubsection.5.10.3.4}{\376\377\0005\000.\0001\0000\000.\0003\000.\0004\000\040\000c\000u\000r\000r\000e\000n\000t}{subsection.5.10.3}% 165
\BOOKMARK [3][-]{subsubsection.5.10.3.5}{\376\377\0005\000.\0001\0000\000.\0003\000.\0005\000\040\000c\000u\000r\000r\000e\000n\000t\000t\000i\000m\000e}{subsection.5.10.3}% 166
\BOOKMARK [3][-]{subsubsection.5.10.3.6}{\376\377\0005\000.\0001\0000\000.\0003\000.\0006\000\040\000f\000l\000a\000g}{subsection.5.10.3}% 167
\BOOKMARK [3][-]{subsubsection.5.10.3.7}{\376\377\0005\000.\0001\0000\000.\0003\000.\0007\000\040\000f\000u\000l\000l\000n\000a\000m\000e}{subsection.5.10.3}% 168
\BOOKMARK [3][-]{subsubsection.5.10.3.8}{\376\377\0005\000.\0001\0000\000.\0003\000.\0008\000\040\000g\000r\000i\000d\0001}{subsection.5.10.3}% 169
\BOOKMARK [3][-]{subsubsection.5.10.3.9}{\376\377\0005\000.\0001\0000\000.\0003\000.\0009\000\040\000h\000i\000s\000t\000o\000r}{subsection.5.10.3}% 170
\BOOKMARK [3][-]{subsubsection.5.10.3.10}{\376\377\0005\000.\0001\0000\000.\0003\000.\0001\0000\000\040\000h\000i\000s\000t\000o\000r\0002}{subsection.5.10.3}% 171
\BOOKMARK [3][-]{subsubsection.5.10.3.11}{\376\377\0005\000.\0001\0000\000.\0003\000.\0001\0001\000\040\000n\000a\000m\000e}{subsection.5.10.3}% 172
\BOOKMARK [3][-]{subsubsection.5.10.3.12}{\376\377\0005\000.\0001\0000\000.\0003\000.\0001\0002\000\040\000p\000l\000a\000y}{subsection.5.10.3}% 173
\BOOKMARK [3][-]{subsubsection.5.10.3.13}{\376\377\0005\000.\0001\0000\000.\0003\000.\0001\0003\000\040\000p\000l\000a\000y\0002}{subsection.5.10.3}% 174
\BOOKMARK [3][-]{subsubsection.5.10.3.14}{\376\377\0005\000.\0001\0000\000.\0003\000.\0001\0004\000\040\000p\000p}{subsection.5.10.3}% 175
\BOOKMARK [3][-]{subsubsection.5.10.3.15}{\376\377\0005\000.\0001\0000\000.\0003\000.\0001\0005\000\040\000s}{subsection.5.10.3}% 176
\BOOKMARK [3][-]{subsubsection.5.10.3.16}{\376\377\0005\000.\0001\0000\000.\0003\000.\0001\0006\000\040\000u\000n\000a\000m\000e}{subsection.5.10.3}% 177
\BOOKMARK [1][-]{section.5.11}{\376\377\0005\000.\0001\0001\000\040\000q\000u\000e\000s\000t\000i\000o\000n\000s\000\040\000C\000l\000a\000s\000s\000\040\000R\000e\000f\000e\000r\000e\000n\000c\000e}{chapter.5}% 178
\BOOKMARK [2][-]{subsection.5.11.1}{\376\377\0005\000.\0001\0001\000.\0001\000\040\000C\000o\000n\000s\000t\000r\000u\000c\000t\000o\000r\000\040\000\046\000\040\000D\000e\000s\000t\000r\000u\000c\000t\000o\000r\000\040\000D\000o\000c\000u\000m\000e\000n\000t\000a\000t\000i\000o\000n}{section.5.11}% 179
\BOOKMARK [3][-]{subsubsection.5.11.1.1}{\376\377\0005\000.\0001\0001\000.\0001\000.\0001\000\040\000q\000u\000e\000s\000t\000i\000o\000n\000s\000\050\000\051}{subsection.5.11.1}% 180
\BOOKMARK [2][-]{subsection.5.11.2}{\376\377\0005\000.\0001\0001\000.\0002\000\040\000M\000e\000m\000b\000e\000r\000\040\000F\000u\000n\000c\000t\000i\000o\000n\000\040\000D\000o\000c\000u\000m\000e\000n\000t\000a\000t\000i\000o\000n}{section.5.11}% 181
\BOOKMARK [3][-]{subsubsection.5.11.2.1}{\376\377\0005\000.\0001\0001\000.\0002\000.\0001\000\040\000s\000i\000g\000e\000m\000i\000t}{subsection.5.11.2}% 182
\BOOKMARK [3][-]{subsubsection.5.11.2.2}{\376\377\0005\000.\0001\0001\000.\0002\000.\0002\000\040\000s\000u\000b\000m\000i\000t}{subsection.5.11.2}% 183
\BOOKMARK [2][-]{subsection.5.11.3}{\376\377\0005\000.\0001\0001\000.\0003\000\040\000M\000e\000m\000b\000e\000r\000\040\000D\000a\000t\000a\000\040\000D\000o\000c\000u\000m\000e\000n\000t\000a\000t\000i\000o\000n}{section.5.11}% 184
\BOOKMARK [3][-]{subsubsection.5.11.3.1}{\376\377\0005\000.\0001\0001\000.\0003\000.\0001\000\040\000F\000a\000l\000s\000e}{subsection.5.11.3}% 185
\BOOKMARK [3][-]{subsubsection.5.11.3.2}{\376\377\0005\000.\0001\0001\000.\0003\000.\0002\000\040\000g\000r\000i\000d}{subsection.5.11.3}% 186
\BOOKMARK [3][-]{subsubsection.5.11.3.3}{\376\377\0005\000.\0001\0001\000.\0003\000.\0003\000\040\000o\000k}{subsection.5.11.3}% 187
\BOOKMARK [3][-]{subsubsection.5.11.3.4}{\376\377\0005\000.\0001\0001\000.\0003\000.\0004\000\040\000q\000u\000e\000s}{subsection.5.11.3}% 188
\BOOKMARK [3][-]{subsubsection.5.11.3.5}{\376\377\0005\000.\0001\0001\000.\0003\000.\0005\000\040\000T\000r\000u\000e}{subsection.5.11.3}% 189
\BOOKMARK [1][-]{section.5.12}{\376\377\0005\000.\0001\0002\000\040\000r\000e\000d\000d\000i\000s\000k\000\040\000C\000l\000a\000s\000s\000\040\000R\000e\000f\000e\000r\000e\000n\000c\000e}{chapter.5}% 190
\BOOKMARK [2][-]{subsection.5.12.1}{\376\377\0005\000.\0001\0002\000.\0001\000\040\000C\000o\000n\000s\000t\000r\000u\000c\000t\000o\000r\000\040\000\046\000\040\000D\000e\000s\000t\000r\000u\000c\000t\000o\000r\000\040\000D\000o\000c\000u\000m\000e\000n\000t\000a\000t\000i\000o\000n}{section.5.12}% 191
\BOOKMARK [3][-]{subsubsection.5.12.1.1}{\376\377\0005\000.\0001\0002\000.\0001\000.\0001\000\040\000r\000e\000d\000d\000i\000s\000k\000\050\000\051}{subsection.5.12.1}% 192
\BOOKMARK [2][-]{subsection.5.12.2}{\376\377\0005\000.\0001\0002\000.\0002\000\040\000M\000e\000m\000b\000e\000r\000\040\000F\000u\000n\000c\000t\000i\000o\000n\000\040\000D\000o\000c\000u\000m\000e\000n\000t\000a\000t\000i\000o\000n}{section.5.12}% 193
\BOOKMARK [3][-]{subsubsection.5.12.2.1}{\376\377\0005\000.\0001\0002\000.\0002\000.\0001\000\040\000k\000e\000y\000P\000r\000e\000s\000s\000E\000v\000e\000n\000t\000\050\000\051}{subsection.5.12.2}% 194
\BOOKMARK [3][-]{subsubsection.5.12.2.2}{\376\377\0005\000.\0001\0002\000.\0002\000.\0002\000\040\000s\000p\000a\000w\000n}{subsection.5.12.2}% 195
\BOOKMARK [2][-]{subsection.5.12.3}{\376\377\0005\000.\0001\0002\000.\0003\000\040\000M\000e\000m\000b\000e\000r\000\040\000D\000a\000t\000a\000\040\000D\000o\000c\000u\000m\000e\000n\000t\000a\000t\000i\000o\000n}{section.5.12}% 196
\BOOKMARK [3][-]{subsubsection.5.12.3.1}{\376\377\0005\000.\0001\0002\000.\0003\000.\0001\000\040\000u\000n\000a\000m\000e}{subsection.5.12.3}% 197
\BOOKMARK [1][-]{section.5.13}{\376\377\0005\000.\0001\0003\000\040\000S\000i\000g\000n\000i\000n\000\040\000C\000l\000a\000s\000s\000\040\000R\000e\000f\000e\000r\000e\000n\000c\000e}{chapter.5}% 198
\BOOKMARK [2][-]{subsection.5.13.1}{\376\377\0005\000.\0001\0003\000.\0001\000\040\000C\000o\000n\000s\000t\000r\000u\000c\000t\000o\000r\000\040\000\046\000\040\000D\000e\000s\000t\000r\000u\000c\000t\000o\000r\000\040\000D\000o\000c\000u\000m\000e\000n\000t\000a\000t\000i\000o\000n}{section.5.13}% 199
\BOOKMARK [3][-]{subsubsection.5.13.1.1}{\376\377\0005\000.\0001\0003\000.\0001\000.\0001\000\040\000S\000i\000g\000n\000i\000n\000\050\000\051}{subsection.5.13.1}% 200
\BOOKMARK [2][-]{subsection.5.13.2}{\376\377\0005\000.\0001\0003\000.\0002\000\040\000M\000e\000m\000b\000e\000r\000\040\000F\000u\000n\000c\000t\000i\000o\000n\000\040\000D\000o\000c\000u\000m\000e\000n\000t\000a\000t\000i\000o\000n}{section.5.13}% 201
\BOOKMARK [3][-]{subsubsection.5.13.2.1}{\376\377\0005\000.\0001\0003\000.\0002\000.\0001\000\040\000p\000l\000a\000y\000a\000s\000g\000u\000e\000s\000t}{subsection.5.13.2}% 202
\BOOKMARK [3][-]{subsubsection.5.13.2.2}{\376\377\0005\000.\0001\0003\000.\0002\000.\0002\000\040\000s\000i\000g\000n\000i\000n\000v\000a\000l\000i\000d\000a\000t\000i\000o\000n}{subsection.5.13.2}% 203
\BOOKMARK [3][-]{subsubsection.5.13.2.3}{\376\377\0005\000.\0001\0003\000.\0002\000.\0003\000\040\000s\000i\000g\000n\000u\000p\000p\000a\000g\000e}{subsection.5.13.2}% 204
\BOOKMARK [2][-]{subsection.5.13.3}{\376\377\0005\000.\0001\0003\000.\0003\000\040\000M\000e\000m\000b\000e\000r\000\040\000D\000a\000t\000a\000\040\000D\000o\000c\000u\000m\000e\000n\000t\000a\000t\000i\000o\000n}{section.5.13}% 205
\BOOKMARK [3][-]{subsubsection.5.13.3.1}{\376\377\0005\000.\0001\0003\000.\0003\000.\0001\000\040\000b\000o\000x}{subsection.5.13.3}% 206
\BOOKMARK [3][-]{subsubsection.5.13.3.2}{\376\377\0005\000.\0001\0003\000.\0003\000.\0002\000\040\000g\000r\000i\000d\0001}{subsection.5.13.3}% 207
\BOOKMARK [3][-]{subsubsection.5.13.3.3}{\376\377\0005\000.\0001\0003\000.\0003\000.\0003\000\040\000g\000u\000e\000s\000t}{subsection.5.13.3}% 208
\BOOKMARK [3][-]{subsubsection.5.13.3.4}{\376\377\0005\000.\0001\0003\000.\0003\000.\0004\000\040\000p\000a\000s\000s\000w\000o\000r\000d}{subsection.5.13.3}% 209
\BOOKMARK [3][-]{subsubsection.5.13.3.5}{\376\377\0005\000.\0001\0003\000.\0003\000.\0005\000\040\000p\000a\000s\000s\000w\000o\000r\000d\000t\000x\000t}{subsection.5.13.3}% 210
\BOOKMARK [3][-]{subsubsection.5.13.3.6}{\376\377\0005\000.\0001\0003\000.\0003\000.\0006\000\040\000s\000i\000g\000n\000u\000p}{subsection.5.13.3}% 211
\BOOKMARK [3][-]{subsubsection.5.13.3.7}{\376\377\0005\000.\0001\0003\000.\0003\000.\0007\000\040\000s\000u\000b\000m\000i\000t}{subsection.5.13.3}% 212
\BOOKMARK [3][-]{subsubsection.5.13.3.8}{\376\377\0005\000.\0001\0003\000.\0003\000.\0008\000\040\000u\000s\000e\000r\000n\000a\000m\000e}{subsection.5.13.3}% 213
\BOOKMARK [3][-]{subsubsection.5.13.3.9}{\376\377\0005\000.\0001\0003\000.\0003\000.\0009\000\040\000u\000s\000e\000r\000n\000a\000m\000e\000t\000x\000t}{subsection.5.13.3}% 214
\BOOKMARK [1][-]{section.5.14}{\376\377\0005\000.\0001\0004\000\040\000S\000i\000g\000n\000U\000p\000\040\000C\000l\000a\000s\000s\000\040\000R\000e\000f\000e\000r\000e\000n\000c\000e}{chapter.5}% 215
\BOOKMARK [2][-]{subsection.5.14.1}{\376\377\0005\000.\0001\0004\000.\0001\000\040\000C\000o\000n\000s\000t\000r\000u\000c\000t\000o\000r\000\040\000\046\000\040\000D\000e\000s\000t\000r\000u\000c\000t\000o\000r\000\040\000D\000o\000c\000u\000m\000e\000n\000t\000a\000t\000i\000o\000n}{section.5.14}% 216
\BOOKMARK [3][-]{subsubsection.5.14.1.1}{\376\377\0005\000.\0001\0004\000.\0001\000.\0001\000\040\000S\000i\000g\000n\000U\000p\000\050\000\051}{subsection.5.14.1}% 217
\BOOKMARK [2][-]{subsection.5.14.2}{\376\377\0005\000.\0001\0004\000.\0002\000\040\000M\000e\000m\000b\000e\000r\000\040\000F\000u\000n\000c\000t\000i\000o\000n\000\040\000D\000o\000c\000u\000m\000e\000n\000t\000a\000t\000i\000o\000n}{section.5.14}% 218
\BOOKMARK [3][-]{subsubsection.5.14.2.1}{\376\377\0005\000.\0001\0004\000.\0002\000.\0001\000\040\000b\000r\000o\000w\000s\000e}{subsection.5.14.2}% 219
\BOOKMARK [3][-]{subsubsection.5.14.2.2}{\376\377\0005\000.\0001\0004\000.\0002\000.\0002\000\040\000g\000o\000b\000a\000c\000k}{subsection.5.14.2}% 220
\BOOKMARK [3][-]{subsubsection.5.14.2.3}{\376\377\0005\000.\0001\0004\000.\0002\000.\0003\000\040\000s\000u\000b\000m\000i\000t\000r\000e\000g}{subsection.5.14.2}% 221
\BOOKMARK [2][-]{subsection.5.14.3}{\376\377\0005\000.\0001\0004\000.\0003\000\040\000M\000e\000m\000b\000e\000r\000\040\000D\000a\000t\000a\000\040\000D\000o\000c\000u\000m\000e\000n\000t\000a\000t\000i\000o\000n}{section.5.14}% 222
\BOOKMARK [3][-]{subsubsection.5.14.3.1}{\376\377\0005\000.\0001\0004\000.\0003\000.\0001\000\040\000b\000a\000c\000k}{subsection.5.14.3}% 223
\BOOKMARK [3][-]{subsubsection.5.14.3.2}{\376\377\0005\000.\0001\0004\000.\0003\000.\0002\000\040\000b\000o\000x}{subsection.5.14.3}% 224
\BOOKMARK [3][-]{subsubsection.5.14.3.3}{\376\377\0005\000.\0001\0004\000.\0003\000.\0003\000\040\000c\000o\000u\000n\000t\000r\000y\000c\000o\000d\000e}{subsection.5.14.3}% 225
\BOOKMARK [3][-]{subsubsection.5.14.3.4}{\376\377\0005\000.\0001\0004\000.\0003\000.\0004\000\040\000d\000o\000b}{subsection.5.14.3}% 226
\BOOKMARK [3][-]{subsubsection.5.14.3.5}{\376\377\0005\000.\0001\0004\000.\0003\000.\0005\000\040\000d\000o\000b\000t\000x\000t}{subsection.5.14.3}% 227
\BOOKMARK [3][-]{subsubsection.5.14.3.6}{\376\377\0005\000.\0001\0004\000.\0003\000.\0006\000\040\000f\000e\000m\000a\000l\000e}{subsection.5.14.3}% 228
\BOOKMARK [3][-]{subsubsection.5.14.3.7}{\376\377\0005\000.\0001\0004\000.\0003\000.\0007\000\040\000f\000i\000r\000s\000t\000n\000a\000m\000e}{subsection.5.14.3}% 229
\BOOKMARK [3][-]{subsubsection.5.14.3.8}{\376\377\0005\000.\0001\0004\000.\0003\000.\0008\000\040\000f\000i\000r\000s\000t\000n\000a\000m\000e\000t\000x\000t}{subsection.5.14.3}% 230
\BOOKMARK [3][-]{subsubsection.5.14.3.9}{\376\377\0005\000.\0001\0004\000.\0003\000.\0009\000\040\000f\000u\000l\000l\000n\000a\000m\000e}{subsection.5.14.3}% 231
\BOOKMARK [3][-]{subsubsection.5.14.3.10}{\376\377\0005\000.\0001\0004\000.\0003\000.\0001\0000\000\040\000g\000e\000n\000d\000e\000r}{subsection.5.14.3}% 232
\BOOKMARK [3][-]{subsubsection.5.14.3.11}{\376\377\0005\000.\0001\0004\000.\0003\000.\0001\0001\000\040\000g\000r\000i\000d\0001}{subsection.5.14.3}% 233
\BOOKMARK [3][-]{subsubsection.5.14.3.12}{\376\377\0005\000.\0001\0004\000.\0003\000.\0001\0002\000\040\000g\000r\000o\000u\000p}{subsection.5.14.3}% 234
\BOOKMARK [3][-]{subsubsection.5.14.3.13}{\376\377\0005\000.\0001\0004\000.\0003\000.\0001\0003\000\040\000l\000a\000s\000t\000n\000a\000m\000e}{subsection.5.14.3}% 235
\BOOKMARK [3][-]{subsubsection.5.14.3.14}{\376\377\0005\000.\0001\0004\000.\0003\000.\0001\0004\000\040\000l\000a\000s\000t\000n\000a\000m\000e\000t\000x\000t}{subsection.5.14.3}% 236
\BOOKMARK [3][-]{subsubsection.5.14.3.15}{\376\377\0005\000.\0001\0004\000.\0003\000.\0001\0005\000\040\000m\000a\000l\000e}{subsection.5.14.3}% 237
\BOOKMARK [3][-]{subsubsection.5.14.3.16}{\376\377\0005\000.\0001\0004\000.\0003\000.\0001\0006\000\040\000p\000a\000s\000s\000w\000o\000r\000d}{subsection.5.14.3}% 238
\BOOKMARK [3][-]{subsubsection.5.14.3.17}{\376\377\0005\000.\0001\0004\000.\0003\000.\0001\0007\000\040\000p\000a\000s\000s\000w\000o\000r\000d\000t\000x\000t}{subsection.5.14.3}% 239
\BOOKMARK [3][-]{subsubsection.5.14.3.18}{\376\377\0005\000.\0001\0004\000.\0003\000.\0001\0008\000\040\000p\000h\000o\000n\000e\000n\000u\000m\000b\000e\000r}{subsection.5.14.3}% 240
\BOOKMARK [3][-]{subsubsection.5.14.3.19}{\376\377\0005\000.\0001\0004\000.\0003\000.\0001\0009\000\040\000p\000h\000o\000n\000e\000n\000u\000m\000b\000e\000r\000t\000x\000t}{subsection.5.14.3}% 241
\BOOKMARK [3][-]{subsubsection.5.14.3.20}{\376\377\0005\000.\0001\0004\000.\0003\000.\0002\0000\000\040\000p\000r\000o\000f\000i\000l\000e\000p\000i\000c\000t\000u\000r\000e}{subsection.5.14.3}% 242
\BOOKMARK [3][-]{subsubsection.5.14.3.21}{\376\377\0005\000.\0001\0004\000.\0003\000.\0002\0001\000\040\000p\000r\000o\000f\000i\000l\000e\000p\000i\000c\000t\000u\000r\000e\000b\000r}{subsection.5.14.3}% 243
\BOOKMARK [3][-]{subsubsection.5.14.3.22}{\376\377\0005\000.\0001\0004\000.\0003\000.\0002\0002\000\040\000s\0001}{subsection.5.14.3}% 244
\BOOKMARK [3][-]{subsubsection.5.14.3.23}{\376\377\0005\000.\0001\0004\000.\0003\000.\0002\0003\000\040\000s\000h\000o\000w\000p\000a\000s\000s}{subsection.5.14.3}% 245
\BOOKMARK [3][-]{subsubsection.5.14.3.24}{\376\377\0005\000.\0001\0004\000.\0003\000.\0002\0004\000\040\000s\000u\000b\000m\000i\000t}{subsection.5.14.3}% 246
\BOOKMARK [3][-]{subsubsection.5.14.3.25}{\376\377\0005\000.\0001\0004\000.\0003\000.\0002\0005\000\040\000u\000s\000e\000r\000n\000a\000m\000e}{subsection.5.14.3}% 247
\BOOKMARK [3][-]{subsubsection.5.14.3.26}{\376\377\0005\000.\0001\0004\000.\0003\000.\0002\0006\000\040\000u\000s\000e\000r\000n\000a\000m\000e\000t\000x\000t}{subsection.5.14.3}% 248
\BOOKMARK [0][-]{chapter.6}{\376\377\0006\000\040\000F\000i\000l\000e\000\040\000D\000o\000c\000u\000m\000e\000n\000t\000a\000t\000i\000o\000n}{}% 249
\BOOKMARK [1][-]{section.6.1}{\376\377\0006\000.\0001\000\040\000P\000r\000o\000j\000e\000c\000t\0004\0003\0005\000L\000/\000b\000a\000t\000t\000l\000e\000s\000h\000i\000p\000.\000c\000p\000p\000\040\000F\000i\000l\000e\000\040\000R\000e\000f\000e\000r\000e\000n\000c\000e}{chapter.6}% 250
\BOOKMARK [2][-]{subsection.6.1.1}{\376\377\0006\000.\0001\000.\0001\000\040\000D\000e\000t\000a\000i\000l\000e\000d\000\040\000D\000e\000s\000c\000r\000i\000p\000t\000i\000o\000n}{section.6.1}% 251
\BOOKMARK [1][-]{section.6.2}{\376\377\0006\000.\0002\000\040\000P\000r\000o\000j\000e\000c\000t\0004\0003\0005\000L\000/\000b\000a\000t\000t\000l\000e\000s\000h\000i\000p\000.\000h\000\040\000F\000i\000l\000e\000\040\000R\000e\000f\000e\000r\000e\000n\000c\000e}{chapter.6}% 252
\BOOKMARK [2][-]{subsection.6.2.1}{\376\377\0006\000.\0002\000.\0001\000\040\000D\000e\000t\000a\000i\000l\000e\000d\000\040\000D\000e\000s\000c\000r\000i\000p\000t\000i\000o\000n}{section.6.2}% 253
\BOOKMARK [1][-]{section.6.3}{\376\377\0006\000.\0003\000\040\000P\000r\000o\000j\000e\000c\000t\0004\0003\0005\000L\000/\000b\000a\000t\000t\000l\000e\000s\000h\000i\000p\000g\000a\000m\000e\000.\000c\000p\000p\000\040\000F\000i\000l\000e\000\040\000R\000e\000f\000e\000r\000e\000n\000c\000e}{chapter.6}% 254
\BOOKMARK [2][-]{subsection.6.3.1}{\376\377\0006\000.\0003\000.\0001\000\040\000D\000e\000t\000a\000i\000l\000e\000d\000\040\000D\000e\000s\000c\000r\000i\000p\000t\000i\000o\000n}{section.6.3}% 255
\BOOKMARK [2][-]{subsection.6.3.2}{\376\377\0006\000.\0003\000.\0002\000\040\000V\000a\000r\000i\000a\000b\000l\000e\000\040\000D\000o\000c\000u\000m\000e\000n\000t\000a\000t\000i\000o\000n}{section.6.3}% 256
\BOOKMARK [3][-]{subsubsection.6.3.2.1}{\376\377\0006\000.\0003\000.\0002\000.\0001\000\040\000a\000t\000t\000e\000m\000p\000t}{subsection.6.3.2}% 257
\BOOKMARK [3][-]{subsubsection.6.3.2.2}{\376\377\0006\000.\0003\000.\0002\000.\0002\000\040\000c\000o\000r\000r\000e\000c\000t}{subsection.6.3.2}% 258
\BOOKMARK [3][-]{subsubsection.6.3.2.3}{\376\377\0006\000.\0003\000.\0002\000.\0003\000\040\000w\000r\000o\000n\000g}{subsection.6.3.2}% 259
\BOOKMARK [1][-]{section.6.4}{\376\377\0006\000.\0004\000\040\000P\000r\000o\000j\000e\000c\000t\0004\0003\0005\000L\000/\000b\000a\000t\000t\000l\000e\000s\000h\000i\000p\000g\000a\000m\000e\000.\000h\000\040\000F\000i\000l\000e\000\040\000R\000e\000f\000e\000r\000e\000n\000c\000e}{chapter.6}% 260
\BOOKMARK [2][-]{subsection.6.4.1}{\376\377\0006\000.\0004\000.\0001\000\040\000D\000e\000t\000a\000i\000l\000e\000d\000\040\000D\000e\000s\000c\000r\000i\000p\000t\000i\000o\000n}{section.6.4}% 261
\BOOKMARK [2][-]{subsection.6.4.2}{\376\377\0006\000.\0004\000.\0002\000\040\000V\000a\000r\000i\000a\000b\000l\000e\000\040\000D\000o\000c\000u\000m\000e\000n\000t\000a\000t\000i\000o\000n}{section.6.4}% 262
\BOOKMARK [3][-]{subsubsection.6.4.2.1}{\376\377\0006\000.\0004\000.\0002\000.\0001\000\040\000a\000t\000t\000e\000m\000p\000t}{subsection.6.4.2}% 263
\BOOKMARK [3][-]{subsubsection.6.4.2.2}{\376\377\0006\000.\0004\000.\0002\000.\0002\000\040\000c\000o\000r\000r\000e\000c\000t}{subsection.6.4.2}% 264
\BOOKMARK [3][-]{subsubsection.6.4.2.3}{\376\377\0006\000.\0004\000.\0002\000.\0003\000\040\000w\000r\000o\000n\000g}{subsection.6.4.2}% 265
\BOOKMARK [1][-]{section.6.5}{\376\377\0006\000.\0005\000\040\000P\000r\000o\000j\000e\000c\000t\0004\0003\0005\000L\000/\000b\000l\000u\000e\000d\000i\000s\000k\000.\000c\000p\000p\000\040\000F\000i\000l\000e\000\040\000R\000e\000f\000e\000r\000e\000n\000c\000e}{chapter.6}% 266
\BOOKMARK [2][-]{subsection.6.5.1}{\376\377\0006\000.\0005\000.\0001\000\040\000D\000e\000t\000a\000i\000l\000e\000d\000\040\000D\000e\000s\000c\000r\000i\000p\000t\000i\000o\000n}{section.6.5}% 267
\BOOKMARK [1][-]{section.6.6}{\376\377\0006\000.\0006\000\040\000P\000r\000o\000j\000e\000c\000t\0004\0003\0005\000L\000/\000b\000l\000u\000e\000d\000i\000s\000k\000.\000h\000\040\000F\000i\000l\000e\000\040\000R\000e\000f\000e\000r\000e\000n\000c\000e}{chapter.6}% 268
\BOOKMARK [2][-]{subsection.6.6.1}{\376\377\0006\000.\0006\000.\0001\000\040\000D\000e\000t\000a\000i\000l\000e\000d\000\040\000D\000e\000s\000c\000r\000i\000p\000t\000i\000o\000n}{section.6.6}% 269
\BOOKMARK [1][-]{section.6.7}{\376\377\0006\000.\0007\000\040\000P\000r\000o\000j\000e\000c\000t\0004\0003\0005\000L\000/\000d\000i\000s\000k\000.\000c\000p\000p\000\040\000F\000i\000l\000e\000\040\000R\000e\000f\000e\000r\000e\000n\000c\000e}{chapter.6}% 270
\BOOKMARK [2][-]{subsection.6.7.1}{\376\377\0006\000.\0007\000.\0001\000\040\000D\000e\000t\000a\000i\000l\000e\000d\000\040\000D\000e\000s\000c\000r\000i\000p\000t\000i\000o\000n}{section.6.7}% 271
\BOOKMARK [1][-]{section.6.8}{\376\377\0006\000.\0008\000\040\000P\000r\000o\000j\000e\000c\000t\0004\0003\0005\000L\000/\000d\000i\000s\000k\000.\000h\000\040\000F\000i\000l\000e\000\040\000R\000e\000f\000e\000r\000e\000n\000c\000e}{chapter.6}% 272
\BOOKMARK [2][-]{subsection.6.8.1}{\376\377\0006\000.\0008\000.\0001\000\040\000D\000e\000t\000a\000i\000l\000e\000d\000\040\000D\000e\000s\000c\000r\000i\000p\000t\000i\000o\000n}{section.6.8}% 273
\BOOKMARK [1][-]{section.6.9}{\376\377\0006\000.\0009\000\040\000P\000r\000o\000j\000e\000c\000t\0004\0003\0005\000L\000/\000d\000i\000s\000k\000g\000a\000m\000e\000.\000c\000p\000p\000\040\000F\000i\000l\000e\000\040\000R\000e\000f\000e\000r\000e\000n\000c\000e}{chapter.6}% 274
\BOOKMARK [2][-]{subsection.6.9.1}{\376\377\0006\000.\0009\000.\0001\000\040\000D\000e\000t\000a\000i\000l\000e\000d\000\040\000D\000e\000s\000c\000r\000i\000p\000t\000i\000o\000n}{section.6.9}% 275
\BOOKMARK [2][-]{subsection.6.9.2}{\376\377\0006\000.\0009\000.\0002\000\040\000V\000a\000r\000i\000a\000b\000l\000e\000\040\000D\000o\000c\000u\000m\000e\000n\000t\000a\000t\000i\000o\000n}{section.6.9}% 276
\BOOKMARK [3][-]{subsubsection.6.9.2.1}{\376\377\0006\000.\0009\000.\0002\000.\0001\000\040\000a\000t\000t\000e\000m\000p\000t\000s}{subsection.6.9.2}% 277
\BOOKMARK [3][-]{subsubsection.6.9.2.2}{\376\377\0006\000.\0009\000.\0002\000.\0002\000\040\000b\000l\000u\000e}{subsection.6.9.2}% 278
\BOOKMARK [3][-]{subsubsection.6.9.2.3}{\376\377\0006\000.\0009\000.\0002\000.\0003\000\040\000g\000r\000e\000e\000n}{subsection.6.9.2}% 279
\BOOKMARK [3][-]{subsubsection.6.9.2.4}{\376\377\0006\000.\0009\000.\0002\000.\0004\000\040\000r\000e\000d}{subsection.6.9.2}% 280
\BOOKMARK [3][-]{subsubsection.6.9.2.5}{\376\377\0006\000.\0009\000.\0002\000.\0005\000\040\000t\000o\000t\000a\000l\000s\000c\000o\000r\000e}{subsection.6.9.2}% 281
\BOOKMARK [1][-]{section.6.10}{\376\377\0006\000.\0001\0000\000\040\000P\000r\000o\000j\000e\000c\000t\0004\0003\0005\000L\000/\000d\000i\000s\000k\000g\000a\000m\000e\000.\000h\000\040\000F\000i\000l\000e\000\040\000R\000e\000f\000e\000r\000e\000n\000c\000e}{chapter.6}% 282
\BOOKMARK [2][-]{subsection.6.10.1}{\376\377\0006\000.\0001\0000\000.\0001\000\040\000D\000e\000t\000a\000i\000l\000e\000d\000\040\000D\000e\000s\000c\000r\000i\000p\000t\000i\000o\000n}{section.6.10}% 283
\BOOKMARK [2][-]{subsection.6.10.2}{\376\377\0006\000.\0001\0000\000.\0002\000\040\000V\000a\000r\000i\000a\000b\000l\000e\000\040\000D\000o\000c\000u\000m\000e\000n\000t\000a\000t\000i\000o\000n}{section.6.10}% 284
\BOOKMARK [3][-]{subsubsection.6.10.2.1}{\376\377\0006\000.\0001\0000\000.\0002\000.\0001\000\040\000a\000t\000t\000e\000m\000p\000t\000s}{subsection.6.10.2}% 285
\BOOKMARK [3][-]{subsubsection.6.10.2.2}{\376\377\0006\000.\0001\0000\000.\0002\000.\0002\000\040\000b\000l\000u\000e}{subsection.6.10.2}% 286
\BOOKMARK [3][-]{subsubsection.6.10.2.3}{\376\377\0006\000.\0001\0000\000.\0002\000.\0003\000\040\000g\000r\000e\000e\000n}{subsection.6.10.2}% 287
\BOOKMARK [3][-]{subsubsection.6.10.2.4}{\376\377\0006\000.\0001\0000\000.\0002\000.\0004\000\040\000r\000e\000d}{subsection.6.10.2}% 288
\BOOKMARK [3][-]{subsubsection.6.10.2.5}{\376\377\0006\000.\0001\0000\000.\0002\000.\0005\000\040\000t\000o\000t\000a\000l\000s\000c\000o\000r\000e}{subsection.6.10.2}% 289
\BOOKMARK [1][-]{section.6.11}{\376\377\0006\000.\0001\0001\000\040\000P\000r\000o\000j\000e\000c\000t\0004\0003\0005\000L\000/\000d\000i\000s\000k\000s\000.\000c\000p\000p\000\040\000F\000i\000l\000e\000\040\000R\000e\000f\000e\000r\000e\000n\000c\000e}{chapter.6}% 290
\BOOKMARK [2][-]{subsection.6.11.1}{\376\377\0006\000.\0001\0001\000.\0001\000\040\000D\000e\000t\000a\000i\000l\000e\000d\000\040\000D\000e\000s\000c\000r\000i\000p\000t\000i\000o\000n}{section.6.11}% 291
\BOOKMARK [1][-]{section.6.12}{\376\377\0006\000.\0001\0002\000\040\000P\000r\000o\000j\000e\000c\000t\0004\0003\0005\000L\000/\000d\000i\000s\000k\000s\000.\000h\000\040\000F\000i\000l\000e\000\040\000R\000e\000f\000e\000r\000e\000n\000c\000e}{chapter.6}% 292
\BOOKMARK [2][-]{subsection.6.12.1}{\376\377\0006\000.\0001\0002\000.\0001\000\040\000D\000e\000t\000a\000i\000l\000e\000d\000\040\000D\000e\000s\000c\000r\000i\000p\000t\000i\000o\000n}{section.6.12}% 293
\BOOKMARK [1][-]{section.6.13}{\376\377\0006\000.\0001\0003\000\040\000P\000r\000o\000j\000e\000c\000t\0004\0003\0005\000L\000/\000g\000r\000e\000e\000n\000d\000i\000s\000k\000.\000c\000p\000p\000\040\000F\000i\000l\000e\000\040\000R\000e\000f\000e\000r\000e\000n\000c\000e}{chapter.6}% 294
\BOOKMARK [2][-]{subsection.6.13.1}{\376\377\0006\000.\0001\0003\000.\0001\000\040\000D\000e\000t\000a\000i\000l\000e\000d\000\040\000D\000e\000s\000c\000r\000i\000p\000t\000i\000o\000n}{section.6.13}% 295
\BOOKMARK [1][-]{section.6.14}{\376\377\0006\000.\0001\0004\000\040\000P\000r\000o\000j\000e\000c\000t\0004\0003\0005\000L\000/\000g\000r\000e\000e\000n\000d\000i\000s\000k\000.\000h\000\040\000F\000i\000l\000e\000\040\000R\000e\000f\000e\000r\000e\000n\000c\000e}{chapter.6}% 296
\BOOKMARK [2][-]{subsection.6.14.1}{\376\377\0006\000.\0001\0004\000.\0001\000\040\000D\000e\000t\000a\000i\000l\000e\000d\000\040\000D\000e\000s\000c\000r\000i\000p\000t\000i\000o\000n}{section.6.14}% 297
\BOOKMARK [1][-]{section.6.15}{\376\377\0006\000.\0001\0005\000\040\000P\000r\000o\000j\000e\000c\000t\0004\0003\0005\000L\000/\000h\000i\000s\000t\000o\000r\000y\000.\000c\000p\000p\000\040\000F\000i\000l\000e\000\040\000R\000e\000f\000e\000r\000e\000n\000c\000e}{chapter.6}% 298
\BOOKMARK [2][-]{subsection.6.15.1}{\376\377\0006\000.\0001\0005\000.\0001\000\040\000D\000e\000t\000a\000i\000l\000e\000d\000\040\000D\000e\000s\000c\000r\000i\000p\000t\000i\000o\000n}{section.6.15}% 299
\BOOKMARK [1][-]{section.6.16}{\376\377\0006\000.\0001\0006\000\040\000P\000r\000o\000j\000e\000c\000t\0004\0003\0005\000L\000/\000h\000i\000s\000t\000o\000r\000y\000.\000h\000\040\000F\000i\000l\000e\000\040\000R\000e\000f\000e\000r\000e\000n\000c\000e}{chapter.6}% 300
\BOOKMARK [1][-]{section.6.17}{\376\377\0006\000.\0001\0007\000\040\000P\000r\000o\000j\000e\000c\000t\0004\0003\0005\000L\000/\000h\000i\000s\000t\000o\000r\000y\0002\000.\000c\000p\000p\000\040\000F\000i\000l\000e\000\040\000R\000e\000f\000e\000r\000e\000n\000c\000e}{chapter.6}% 301
\BOOKMARK [2][-]{subsection.6.17.1}{\376\377\0006\000.\0001\0007\000.\0001\000\040\000D\000e\000t\000a\000i\000l\000e\000d\000\040\000D\000e\000s\000c\000r\000i\000p\000t\000i\000o\000n}{section.6.17}% 302
\BOOKMARK [1][-]{section.6.18}{\376\377\0006\000.\0001\0008\000\040\000P\000r\000o\000j\000e\000c\000t\0004\0003\0005\000L\000/\000h\000i\000s\000t\000o\000r\000y\0002\000.\000h\000\040\000F\000i\000l\000e\000\040\000R\000e\000f\000e\000r\000e\000n\000c\000e}{chapter.6}% 303
\BOOKMARK [2][-]{subsection.6.18.1}{\376\377\0006\000.\0001\0008\000.\0001\000\040\000D\000e\000t\000a\000i\000l\000e\000d\000\040\000D\000e\000s\000c\000r\000i\000p\000t\000i\000o\000n}{section.6.18}% 304
\BOOKMARK [1][-]{section.6.19}{\376\377\0006\000.\0001\0009\000\040\000P\000r\000o\000j\000e\000c\000t\0004\0003\0005\000L\000/\000m\000a\000i\000n\000.\000c\000p\000p\000\040\000F\000i\000l\000e\000\040\000R\000e\000f\000e\000r\000e\000n\000c\000e}{chapter.6}% 305
\BOOKMARK [2][-]{subsection.6.19.1}{\376\377\0006\000.\0001\0009\000.\0001\000\040\000F\000u\000n\000c\000t\000i\000o\000n\000\040\000D\000o\000c\000u\000m\000e\000n\000t\000a\000t\000i\000o\000n}{section.6.19}% 306
\BOOKMARK [3][-]{subsubsection.6.19.1.1}{\376\377\0006\000.\0001\0009\000.\0001\000.\0001\000\040\000m\000a\000i\000n\000\050\000\051}{subsection.6.19.1}% 307
\BOOKMARK [1][-]{section.6.20}{\376\377\0006\000.\0002\0000\000\040\000P\000r\000o\000j\000e\000c\000t\0004\0003\0005\000L\000/\000p\000r\000o\000f\000i\000l\000e\000.\000c\000p\000p\000\040\000F\000i\000l\000e\000\040\000R\000e\000f\000e\000r\000e\000n\000c\000e}{chapter.6}% 308
\BOOKMARK [2][-]{subsection.6.20.1}{\376\377\0006\000.\0002\0000\000.\0001\000\040\000D\000e\000t\000a\000i\000l\000e\000d\000\040\000D\000e\000s\000c\000r\000i\000p\000t\000i\000o\000n}{section.6.20}% 309
\BOOKMARK [1][-]{section.6.21}{\376\377\0006\000.\0002\0001\000\040\000P\000r\000o\000j\000e\000c\000t\0004\0003\0005\000L\000/\000p\000r\000o\000f\000i\000l\000e\000.\000h\000\040\000F\000i\000l\000e\000\040\000R\000e\000f\000e\000r\000e\000n\000c\000e}{chapter.6}% 310
\BOOKMARK [2][-]{subsection.6.21.1}{\376\377\0006\000.\0002\0001\000.\0001\000\040\000D\000e\000t\000a\000i\000l\000e\000d\000\040\000D\000e\000s\000c\000r\000i\000p\000t\000i\000o\000n}{section.6.21}% 311
\BOOKMARK [1][-]{section.6.22}{\376\377\0006\000.\0002\0002\000\040\000P\000r\000o\000j\000e\000c\000t\0004\0003\0005\000L\000/\000q\000u\000e\000s\000t\000i\000o\000n\000s\000.\000c\000p\000p\000\040\000F\000i\000l\000e\000\040\000R\000e\000f\000e\000r\000e\000n\000c\000e}{chapter.6}% 312
\BOOKMARK [2][-]{subsection.6.22.1}{\376\377\0006\000.\0002\0002\000.\0001\000\040\000D\000e\000t\000a\000i\000l\000e\000d\000\040\000D\000e\000s\000c\000r\000i\000p\000t\000i\000o\000n}{section.6.22}% 313
\BOOKMARK [1][-]{section.6.23}{\376\377\0006\000.\0002\0003\000\040\000P\000r\000o\000j\000e\000c\000t\0004\0003\0005\000L\000/\000q\000u\000e\000s\000t\000i\000o\000n\000s\000.\000h\000\040\000F\000i\000l\000e\000\040\000R\000e\000f\000e\000r\000e\000n\000c\000e}{chapter.6}% 314
\BOOKMARK [2][-]{subsection.6.23.1}{\376\377\0006\000.\0002\0003\000.\0001\000\040\000D\000e\000t\000a\000i\000l\000e\000d\000\040\000D\000e\000s\000c\000r\000i\000p\000t\000i\000o\000n}{section.6.23}% 315
\BOOKMARK [1][-]{section.6.24}{\376\377\0006\000.\0002\0004\000\040\000P\000r\000o\000j\000e\000c\000t\0004\0003\0005\000L\000/\000r\000e\000d\000d\000i\000s\000k\000.\000c\000p\000p\000\040\000F\000i\000l\000e\000\040\000R\000e\000f\000e\000r\000e\000n\000c\000e}{chapter.6}% 316
\BOOKMARK [2][-]{subsection.6.24.1}{\376\377\0006\000.\0002\0004\000.\0001\000\040\000D\000e\000t\000a\000i\000l\000e\000d\000\040\000D\000e\000s\000c\000r\000i\000p\000t\000i\000o\000n}{section.6.24}% 317
\BOOKMARK [1][-]{section.6.25}{\376\377\0006\000.\0002\0005\000\040\000P\000r\000o\000j\000e\000c\000t\0004\0003\0005\000L\000/\000r\000e\000d\000d\000i\000s\000k\000.\000h\000\040\000F\000i\000l\000e\000\040\000R\000e\000f\000e\000r\000e\000n\000c\000e}{chapter.6}% 318
\BOOKMARK [2][-]{subsection.6.25.1}{\376\377\0006\000.\0002\0005\000.\0001\000\040\000D\000e\000t\000a\000i\000l\000e\000d\000\040\000D\000e\000s\000c\000r\000i\000p\000t\000i\000o\000n}{section.6.25}% 319
\BOOKMARK [1][-]{section.6.26}{\376\377\0006\000.\0002\0006\000\040\000P\000r\000o\000j\000e\000c\000t\0004\0003\0005\000L\000/\000s\000i\000g\000n\000i\000n\000.\000c\000p\000p\000\040\000F\000i\000l\000e\000\040\000R\000e\000f\000e\000r\000e\000n\000c\000e}{chapter.6}% 320
\BOOKMARK [2][-]{subsection.6.26.1}{\376\377\0006\000.\0002\0006\000.\0001\000\040\000D\000e\000t\000a\000i\000l\000e\000d\000\040\000D\000e\000s\000c\000r\000i\000p\000t\000i\000o\000n}{section.6.26}% 321
\BOOKMARK [1][-]{section.6.27}{\376\377\0006\000.\0002\0007\000\040\000P\000r\000o\000j\000e\000c\000t\0004\0003\0005\000L\000/\000s\000i\000g\000n\000i\000n\000.\000h\000\040\000F\000i\000l\000e\000\040\000R\000e\000f\000e\000r\000e\000n\000c\000e}{chapter.6}% 322
\BOOKMARK [1][-]{section.6.28}{\376\377\0006\000.\0002\0008\000\040\000P\000r\000o\000j\000e\000c\000t\0004\0003\0005\000L\000/\000s\000i\000g\000n\000u\000p\000.\000c\000p\000p\000\040\000F\000i\000l\000e\000\040\000R\000e\000f\000e\000r\000e\000n\000c\000e}{chapter.6}% 323
\BOOKMARK [2][-]{subsection.6.28.1}{\376\377\0006\000.\0002\0008\000.\0001\000\040\000D\000e\000t\000a\000i\000l\000e\000d\000\040\000D\000e\000s\000c\000r\000i\000p\000t\000i\000o\000n}{section.6.28}% 324
\BOOKMARK [1][-]{section.6.29}{\376\377\0006\000.\0002\0009\000\040\000P\000r\000o\000j\000e\000c\000t\0004\0003\0005\000L\000/\000s\000i\000g\000n\000u\000p\000.\000h\000\040\000F\000i\000l\000e\000\040\000R\000e\000f\000e\000r\000e\000n\000c\000e}{chapter.6}% 325
